<?xml version="1.0" encoding="UTF-8"?>
<testng-results ignored="0" total="5" passed="5" failed="0" skipped="0">
  <reporter-output>
  </reporter-output>
  <suite started-at="2021-05-24T10:53:31 IST" name="Default suite" finished-at="2021-05-24T10:53:40 IST" duration-ms="9064">
    <groups>
      <group name="cucumber">
        <method signature="AbstractTestNGCucumberTests.runScenario(io.cucumber.testng.PickleWrapper,io.cucumber.testng.FeatureWrapper)[pri:0, instance:cucumber.Options.runAPIs@f09733f]" name="runScenario" class="io.cucumber.testng.AbstractTestNGCucumberTests"/>
      </group> <!-- cucumber -->
    </groups>
    <test started-at="2021-05-24T10:53:31 IST" name="Default test" finished-at="2021-05-24T10:53:40 IST" duration-ms="9064">
      <class name="cucumber.Options.runAPIs">
        <test-method is-config="true" signature="setUpClass()[pri:0, instance:cucumber.Options.runAPIs@f09733f]" started-at="2021-05-24T10:53:31 IST" name="setUpClass" finished-at="2021-05-24T10:53:31 IST" duration-ms="361" status="PASS">
          <reporter-output>
          </reporter-output>
        </test-method> <!-- setUpClass -->
        <test-method signature="runScenario(io.cucumber.testng.PickleWrapper,io.cucumber.testng.FeatureWrapper)[pri:0, instance:cucumber.Options.runAPIs@f09733f]" started-at="2021-05-24T10:53:31 IST" name="runScenario" description="Runs Cucumber Scenarios" data-provider="scenarios" finished-at="2021-05-24T10:53:35 IST" duration-ms="3479" status="PASS">
          <params>
            <param index="0">
              <value>
                <![CDATA["Verify list of users using list user API"]]>
              </value>
            </param>
            <param index="1">
              <value>
                <![CDATA["Optional[Verify RegresAPI's]"]]>
              </value>
            </param>
          </params>
          <reporter-output>
          </reporter-output>
        </test-method> <!-- runScenario -->
        <test-method signature="runScenario(io.cucumber.testng.PickleWrapper,io.cucumber.testng.FeatureWrapper)[pri:0, instance:cucumber.Options.runAPIs@f09733f]" started-at="2021-05-24T10:53:35 IST" name="runScenario" description="Runs Cucumber Scenarios" data-provider="scenarios" finished-at="2021-05-24T10:53:36 IST" duration-ms="1309" status="PASS">
          <params>
            <param index="0">
              <value>
                <![CDATA["Verify user created successfully"]]>
              </value>
            </param>
            <param index="1">
              <value>
                <![CDATA["Optional[Verify RegresAPI's]"]]>
              </value>
            </param>
          </params>
          <reporter-output>
          </reporter-output>
        </test-method> <!-- runScenario -->
        <test-method signature="runScenario(io.cucumber.testng.PickleWrapper,io.cucumber.testng.FeatureWrapper)[pri:0, instance:cucumber.Options.runAPIs@f09733f]" started-at="2021-05-24T10:53:36 IST" name="runScenario" description="Runs Cucumber Scenarios" data-provider="scenarios" finished-at="2021-05-24T10:53:37 IST" duration-ms="1048" status="PASS">
          <params>
            <param index="0">
              <value>
                <![CDATA["Verify when user not found then it gives 404"]]>
              </value>
            </param>
            <param index="1">
              <value>
                <![CDATA["Optional[Verify RegresAPI's]"]]>
              </value>
            </param>
          </params>
          <reporter-output>
          </reporter-output>
        </test-method> <!-- runScenario -->
        <test-method signature="runScenario(io.cucumber.testng.PickleWrapper,io.cucumber.testng.FeatureWrapper)[pri:0, instance:cucumber.Options.runAPIs@f09733f]" started-at="2021-05-24T10:53:37 IST" name="runScenario" description="Runs Cucumber Scenarios" data-provider="scenarios" finished-at="2021-05-24T10:53:38 IST" duration-ms="1059" status="PASS">
          <params>
            <param index="0">
              <value>
                <![CDATA["Verify while deleting record which is not present gives 204"]]>
              </value>
            </param>
            <param index="1">
              <value>
                <![CDATA["Optional[Verify RegresAPI's]"]]>
              </value>
            </param>
          </params>
          <reporter-output>
          </reporter-output>
        </test-method> <!-- runScenario -->
        <test-method signature="runScenario(io.cucumber.testng.PickleWrapper,io.cucumber.testng.FeatureWrapper)[pri:0, instance:cucumber.Options.runAPIs@f09733f]" started-at="2021-05-24T10:53:38 IST" name="runScenario" description="Runs Cucumber Scenarios" data-provider="scenarios" finished-at="2021-05-24T10:53:40 IST" duration-ms="1698" status="PASS">
          <params>
            <param index="0">
              <value>
                <![CDATA["Verify once registration unsuccessful then gives 400 and error message"]]>
              </value>
            </param>
            <param index="1">
              <value>
                <![CDATA["Optional[Verify RegresAPI's]"]]>
              </value>
            </param>
          </params>
          <reporter-output>
          </reporter-output>
        </test-method> <!-- runScenario -->
        <test-method is-config="true" signature="tearDownClass()[pri:0, instance:cucumber.Options.runAPIs@f09733f]" started-at="2021-05-24T10:53:40 IST" name="tearDownClass" finished-at="2021-05-24T10:53:40 IST" duration-ms="72" status="PASS">
          <reporter-output>
          </reporter-output>
        </test-method> <!-- tearDownClass -->
      </class> <!-- cucumber.Options.runAPIs -->
    </test> <!-- Default test -->
  </suite> <!-- Default suite -->
</testng-results>
